          :-) GROMACS - gmx mdrun, 2026.0-dev-20250210-0d8ce2b6b1 (-:

Copyright 1991-2026 The GROMACS Authors.
GROMACS is free software; you can redistribute it and/or modify it
under the terms of the GNU Lesser General Public License
as published by the Free Software Foundation; either version 2.1
of the License, or (at your option) any later version.

                         Current GROMACS contributors:
       Mark Abraham           Andrey Alekseenko           Brian Andrews       
      Vladimir Basov              Paul Bauer                Hugh Bird         
      Eliane Briand               Ania Brown              Mahesh Doijade      
      Giacomo Fiorin          Stefan Fleischmann          Sergey Gorelov      
   Gilles Gouaillardet            Alan Gray              M. Eric Irrgang      
   Farzaneh Jalalypour         Petter Johansson          Carsten Kutzner      
    Grzegorz Łazarski         Justin A. Lemkul          Magnus Lundborg      
       Pascal Merz             Vedran Miletić            Dmitry Morozov      
     Lukas Müllender            Julien Nabet             Szilárd Páll      
 Andrea Pasquadibisceglie     Michele Pellegrino         Nicola Piasentin     
     Daniele Rapetti         Muhammad Umair Sadiq         Hubert Santuz       
      Roland Schulz             Michael Shirts           Tatiana Shugaeva     
     Alexey Shvetsov            Philip Turner            Alessandra Villa     
 Sebastian Wingbermühle  

                         Previous GROMACS contributors:
        Emile Apol             Rossen Apostolov           James Barnett       
  Herman J.C. Berendsen         Cathrine Bergh             Par Bjelkmar       
      Christian Blau          Viacheslav Bolnykh            Kevin Boyd        
    Aldert van Buuren          Carlo Camilloni           Rudi van Drunen      
      Anton Feenstra           Oliver Fleetwood            Vytas Gapsys       
       Gaurav Garg             Gerrit Groenhof            Bert de Groot       
      Anca Hamuraru           Vincent Hindriksen          Victor Holanda      
     Aleksei Iupinov              Joe Jordan            Christoph Junghans    
    Prashanth Kanduri        Dimitrios Karkoulis           Peter Kasson       
      Sebastian Kehl           Sebastian Keller             Jiri Kraus        
       Per Larsson              Viveca Lindahl            Erik Marklund       
    Pieter Meulenhoff           Teemu Murtola              Sander Pronk       
      Alfons Sijbers            Balint Soproni         David van der Spoel    
      Peter Tieleman            Carsten Uphoff             Jon Vincent        
     Teemu Virolainen         Christian Wennberg           Maarten Wolf       
      Artem Zhmurov       

                  Coordinated by the GROMACS project leaders:
                           Berk Hess and Erik Lindahl

GROMACS:      gmx mdrun, version 2026.0-dev-20250210-0d8ce2b6b1
Executable:   /usr/local/gromacs/bin/gmx
Data prefix:  /usr/local/gromacs
Working dir:  /mnt/d/LAB/GMX_MD
Process ID:   502
Command line:
  gmx mdrun -deffnm MD

GROMACS version:     2026.0-dev-20250210-0d8ce2b6b1
GIT SHA1 hash:       0d8ce2b6b1e863fd29c4aa0efb84ad243afc165a
Precision:           mixed
Memory model:        64 bit
MPI library:         thread_mpi
OpenMP support:      enabled (GMX_OPENMP_MAX_THREADS = 128)
GPU support:         disabled
SIMD instructions:   AVX2_256
CPU FFT library:     fftw-3.3.10-sse2-avx-avx2-avx2_128
GPU FFT library:     none
Multi-GPU FFT:       none
RDTSCP usage:        enabled
TNG support:         enabled
Hwloc support:       disabled
Tracing support:     disabled
C compiler:          /usr/bin/cc GNU 13.3.0
C compiler flags:    -Wno-array-bounds -fexcess-precision=fast -funroll-all-loops -mavx2 -mfma -Wall -Wno-unused -Wunused-value -Wunused-parameter -Wextra -Wno-sign-compare -Wpointer-arith -Wpedantic -Wundef -Werror=stringop-truncation -Wno-missing-field-initializers -O3 -DNDEBUG
C++ compiler:        /usr/bin/c++ GNU 13.3.0
C++ compiler flags:  -Wno-array-bounds -fexcess-precision=fast -funroll-all-loops -mavx2 -mfma -Wall -Wextra -Wpointer-arith -Wmissing-declarations -Wpedantic -Wundef -Wstringop-truncation -Wno-missing-field-initializers -Wno-cast-function-type-strict SHELL:-fopenmp -O3 -DNDEBUG
BLAS library:        External - detected on the system
LAPACK library:      External - detected on the system


Running on 1 node with total 4 cores, 8 processing units
Hardware detected on host Vivek:
  CPU info:
    Vendor: Intel
    Brand:  11th Gen Intel(R) Core(TM) i5-1135G7 @ 2.40GHz
    Family: 6   Model: 140   Stepping: 1
    Features: aes apic avx avx2 avx512f avx512cd avx512bw avx512vl avx512secondFMA clfsh cmov cx8 cx16 f16c fma htt intel lahf mmx msr nonstop_tsc pcid pclmuldq pdcm pdpe1gb popcnt pse rdrnd rdtscp sha sse2 sse3 sse4.1 sse4.2 ssse3 tdt x2apic
    Number of AVX-512 FMA units: 1 (For Intel, AVX2 is faster w/o 2 AVX-512 FMA units)
  Hardware topology: Basic
    Packages, cores, and logical processors:
    [indices refer to OS logical processors]
      Package  0: [   0   1] [   2   3] [   4   5] [   6   7]
    CPU limit set by OS: -1   Recommended max number of threads: 8


++++ PLEASE READ AND CITE THE FOLLOWING REFERENCE ++++
M. J. Abraham, T. Murtola, R. Schulz, S. Páll, J. C. Smith, B. Hess, E.
Lindahl
GROMACS: High performance molecular simulations through multi-level
parallelism from laptops to supercomputers
SoftwareX (2015)
DOI: 10.1016/j.softx.2015.06.001
-------- -------- --- Thank You --- -------- --------


++++ PLEASE READ AND CITE THE FOLLOWING REFERENCE ++++
S. Páll, M. J. Abraham, C. Kutzner, B. Hess, E. Lindahl
Tackling Exascale Software Challenges in Molecular Dynamics Simulations with
GROMACS
In S. Markidis & E. Laure (Eds.), Solving Software Challenges for Exascale (2015)
DOI: 10.1007/978-3-319-15976-8_1
-------- -------- --- Thank You --- -------- --------


++++ PLEASE READ AND CITE THE FOLLOWING REFERENCE ++++
S. Pronk, S. Páll, R. Schulz, P. Larsson, P. Bjelkmar, R. Apostolov, M. R.
Shirts, J. C. Smith, P. M. Kasson, D. van der Spoel, B. Hess, E. Lindahl
GROMACS 4.5: a high-throughput and highly parallel open source molecular
simulation toolkit
Bioinformatics (2013)
DOI: 10.1093/bioinformatics/btt055
-------- -------- --- Thank You --- -------- --------


++++ PLEASE READ AND CITE THE FOLLOWING REFERENCE ++++
B. Hess, C. Kutzner, D. van der Spoel, E. Lindahl
GROMACS 4: Algorithms for highly efficient, load-balanced, and scalable
molecular simulation
J. Chem. Theory Comput. (2008)
DOI: 10.1021/ct700301q
-------- -------- --- Thank You --- -------- --------


++++ PLEASE READ AND CITE THE FOLLOWING REFERENCE ++++
D. van der Spoel, E. Lindahl, B. Hess, G. Groenhof, A. E. Mark, H. J. C.
Berendsen
GROMACS: Fast, Flexible and Free
J. Comp. Chem. (2005)
DOI: 10.1002/jcc.20291
-------- -------- --- Thank You --- -------- --------


++++ PLEASE READ AND CITE THE FOLLOWING REFERENCE ++++
E. Lindahl, B. Hess, D. van der Spoel
GROMACS 3.0: A package for molecular simulation and trajectory analysis
J. Mol. Mod. (2001)
DOI: 10.1007/s008940100045
-------- -------- --- Thank You --- -------- --------


++++ PLEASE READ AND CITE THE FOLLOWING REFERENCE ++++
H. J. C. Berendsen, D. van der Spoel and R. van Drunen
GROMACS: A message-passing parallel molecular dynamics implementation
Comp. Phys. Comm. (1995)
DOI: 10.1016/0010-4655(95)00042-E
-------- -------- --- Thank You --- -------- --------

Input Parameters:
   integrator                     = md
   tinit                          = 0
   dt                             = 0.002
   nsteps                         = 25000
   init-step                      = 0
   simulation-part                = 1
   mts                            = false
   mass-repartition-factor        = 1
   comm-mode                      = Linear
   nstcomm                        = 100
   bd-fric                        = 0
   ld-seed                        = -401444
   emtol                          = 10
   emstep                         = 0.01
   niter                          = 20
   fcstep                         = 0
   nstcgsteep                     = 1000
   nbfgscorr                      = 10
   rtpi                           = 0.05
   nstxout                        = 0
   nstvout                        = 0
   nstfout                        = 0
   nstlog                         = 5000
   nstcalcenergy                  = 100
   nstenergy                      = 5000
   nstxout-compressed             = 5000
   compressed-x-precision         = 1000
   cutoff-scheme                  = Verlet
   nstlist                        = 20
   pbc                            = xyz
   periodic-molecules             = false
   verlet-buffer-tolerance        = 0.005
   verlet-buffer-pressure-tolerance = 0.5
   rlist                          = 1.221
   coulombtype                    = PME
   coulomb-modifier               = Potential-shift
   rcoulomb-switch                = 0
   rcoulomb                       = 1.2
   epsilon-r                      = 1
   epsilon-rf                     = inf
   vdw-type                       = Cut-off
   vdw-modifier                   = Force-switch
   rvdw-switch                    = 1
   rvdw                           = 1.2
   DispCorr                       = No
   table-extension                = 1
   fourierspacing                 = 0.16
   fourier-nx                     = 56
   fourier-ny                     = 48
   fourier-nz                     = 52
   pme-order                      = 4
   ewald-rtol                     = 1e-05
   ewald-rtol-lj                  = 0.001
   lj-pme-comb-rule               = Geometric
   ewald-geometry                 = 3d
   epsilon-surface                = 0
   ensemble-temperature-setting   = constant
   ensemble-temperature           = 300
   tcoupl                         = V-rescale
   nsttcouple                     = 10
   nh-chain-length                = 0
   print-nose-hoover-chain-variables = false
   pcoupl                         = Parrinello-Rahman
   pcoupltype                     = Isotropic
   nstpcouple                     = 50
   tau-p                          = 2
   compressibility (3x3):
      compressibility[    0]={ 4.50000e-05,  0.00000e+00,  0.00000e+00}
      compressibility[    1]={ 0.00000e+00,  4.50000e-05,  0.00000e+00}
      compressibility[    2]={ 0.00000e+00,  0.00000e+00,  4.50000e-05}
   ref-p (3x3):
      ref-p[    0]={ 1.00000e+00,  0.00000e+00,  0.00000e+00}
      ref-p[    1]={ 0.00000e+00,  1.00000e+00,  0.00000e+00}
      ref-p[    2]={ 0.00000e+00,  0.00000e+00,  1.00000e+00}
   refcoord-scaling               = No
   posres-com: not available
   posres-comB: not available
   QMMM                           = false
qm-opts:
   ngQM                           = 0
   constraint-algorithm           = Lincs
   continuation                   = true
   Shake-SOR                      = false
   shake-tol                      = 0.0001
   lincs-order                    = 4
   lincs-iter                     = 1
   lincs-warnangle                = 30
   nwall                          = 0
   wall-type                      = 9-3
   wall-r-linpot                  = -1
   wall-atomtype[0]               = -1
   wall-atomtype[1]               = -1
   wall-density[0]                = 0
   wall-density[1]                = 0
   wall-ewald-zfac                = 3
   pull                           = false
   awh                            = false
   rotation                       = false
   interactiveMD                  = false
   disre                          = No
   disre-weighting                = Conservative
   disre-mixed                    = false
   dr-fc                          = 1000
   dr-tau                         = 0
   nstdisreout                    = 100
   orire-fc                       = 0
   orire-tau                      = 0
   nstorireout                    = 100
   free-energy                    = no
   cos-acceleration               = 0
   deform (3x3):
      deform[    0]={ 0.00000e+00,  0.00000e+00,  0.00000e+00}
      deform[    1]={ 0.00000e+00,  0.00000e+00,  0.00000e+00}
      deform[    2]={ 0.00000e+00,  0.00000e+00,  0.00000e+00}
   simulated-tempering            = false
   swapcoords                     = no
   userint1                       = 0
   userint2                       = 0
   userint3                       = 0
   userint4                       = 0
   userreal1                      = 0
   userreal2                      = 0
   userreal3                      = 0
   userreal4                      = 0
   applied-forces:
     electric-field:
       x:
         E0                       = 0
         omega                    = 0
         t0                       = 0
         sigma                    = 0
       y:
         E0                       = 0
         omega                    = 0
         t0                       = 0
         sigma                    = 0
       z:
         E0                       = 0
         omega                    = 0
         t0                       = 0
         sigma                    = 0
     density-guided-simulation:
       active                     = false
       group                      = protein
       similarity-measure         = inner-product
       atom-spreading-weight      = unity
       force-constant             = 1e+09
       gaussian-transform-spreading-width = 0.2
       gaussian-transform-spreading-range-in-multiples-of-width = 4
       reference-density-filename = reference.mrc
       nst                        = 1
       normalize-densities        = true
       adaptive-force-scaling     = false
       adaptive-force-scaling-time-constant = 4
       shift-vector               = 
       transformation-matrix      = 
     qmmm-cp2k:
       active                     = false
       qmgroup                    = System
       qmmethod                   = PBE
       qmfilenames                = 
       qmcharge                   = 0
       qmmultiplicity             = 1
     colvars:
       active                     = false
       configfile                 = 
       seed                       = -1
     nnpot:
       active                     = false
       modelfile                  = model.pt
       input-group                = System
       model-input1               = 
       model-input2               = 
       model-input3               = 
       model-input4               = 
grpopts:
   nrdf:     13280.6     98103.4
   ref-t:         300         300
   tau-t:         0.1         0.1
annealing:          No          No
annealing-npoints:           0           0
   acc:	           0           0           0
   nfreeze:           N           N           N
   energygrp-flags[  0]: 0

Changing nstlist from 20 to 80, rlist from 1.221 to 1.318

Update groups can not be used for this system because atoms that are (in)directly constrained together are interdispersed with other atoms

Initializing Domain Decomposition on 1 ranks
Dynamic load balancing: auto
Minimum cell size due to atom displacement: 0.637 nm
Initial maximum distances in bonded interactions:
    two-body bonded interactions: 0.433 nm, LJ-14, atoms 3207 3215
  multi-body bonded interactions: 0.492 nm, CMAP Dih., atoms 4031 4045
Minimum cell size due to bonded interactions: 0.542 nm
Maximum distance for 5 constraints, at 120 deg. angles, all-trans: 0.222 nm
Estimated maximum distance required for P-LINCS: 0.222 nm
Using 0 separate PME ranks because: there are too few total ranks for efficient splitting
Optimizing the DD grid for 1 cells with a minimum initial size of 0.637 nm
The maximum allowed number of cells is: X 14 Y 11 Z 12
Domain decomposition grid 1 x 1 x 1, separate PME ranks 0
PME domain decomposition: 1 x 1 x 1

The initial number of communication pulses is:
The initial domain decomposition cell size is:

The maximum allowed distance for atoms involved in interactions is:
                 non-bonded interactions           1.318 nm
(the following are initial values, they could change due to box deformation)
            two-body bonded interactions  (-rdd)   1.318 nm
          multi-body bonded interactions  (-rdd)   1.318 nm
  atoms separated by up to 5 constraints  (-rcon)  7.551 nm

When dynamic load balancing gets turned on, these settings will change to:
The maximum number of communication pulses is:
The minimum size for domain decomposition cells is 1.318 nm
The requested allowed shrink of DD cells (option -dds) is: 0.80
The allowed shrink of domain decomposition cells is:
The maximum allowed distance for atoms involved in interactions is:
                 non-bonded interactions           1.318 nm
            two-body bonded interactions  (-rdd)   1.318 nm
          multi-body bonded interactions  (-rdd)   1.318 nm
  atoms separated by up to 5 constraints  (-rcon)  1.318 nm

Local state does not use filler particles

Using 1 MPI thread
Using 8 OpenMP threads 

System total charge: 0.000
Will do PME sum in reciprocal space for electrostatic interactions.

++++ PLEASE READ AND CITE THE FOLLOWING REFERENCE ++++
U. Essmann, L. Perera, M. L. Berkowitz, T. Darden, H. Lee, L. G. Pedersen 
A smooth particle mesh Ewald method
J. Chem. Phys. (1995)
DOI: 10.1063/1.470117
-------- -------- --- Thank You --- -------- --------

Using a Gaussian width (1/beta) of 0.384195 nm for Ewald
Potential shift: LJ r^-12: -2.648e-01 r^-6: -5.349e-01, Ewald -8.333e-06
Initialized non-bonded Coulomb Ewald tables, spacing: 1.02e-03 size: 1176

Generated table with 1159 data points for 1-4 COUL.
Tabscale = 500 points/nm
Generated table with 1159 data points for 1-4 LJ6.
Tabscale = 500 points/nm
Generated table with 1159 data points for 1-4 LJ12.
Tabscale = 500 points/nm


Using SIMD4xM 4x8 nonbonded short-range kernels

Using a dual 4x8 pair-list setup updated with dynamic pruning:
  outer list: updated every 80 steps, buffer 0.118 nm, rlist 1.318 nm
  inner list: updated every 12 steps, buffer 0.000 nm, rlist 1.200 nm
At tolerance 0.005 kJ/mol/ps per atom, equivalent classical 1x1 list would be:
  outer list: updated every 80 steps, buffer 0.262 nm, rlist 1.462 nm
  inner list: updated every 12 steps, buffer 0.045 nm, rlist 1.245 nm

The average pressure is off by at most 0.15 bar due to missing LJ interactions

Linking all bonded interactions to atoms


Pinning threads with an auto-selected logical cpu stride of 1

Initializing Parallel LINear Constraint Solver

++++ PLEASE READ AND CITE THE FOLLOWING REFERENCE ++++
B. Hess
P-LINCS: A Parallel Linear Constraint Solver for molecular simulation
J. Chem. Theory Comput. (2008)
DOI: 10.1021/ct700200b
-------- -------- --- Thank You --- -------- --------

The number of constraints is 2601
There are constraints between atoms in different decomposition domains,
will communicate selected coordinates each lincs iteration

++++ PLEASE READ AND CITE THE FOLLOWING REFERENCE ++++
S. Miyamoto, P. A. Kollman
SETTLE: An Analytical Version of the SHAKE and RATTLE Algorithms for Rigid
Water Models
J. Comp. Chem. (1992)
DOI: 10.1002/jcc.540130805
-------- -------- --- Thank You --- -------- --------


++++ PLEASE READ AND CITE THE FOLLOWING REFERENCE ++++
G. Bussi, D. Donadio, M. Parrinello
Canonical sampling through velocity rescaling
J. Chem. Phys. (2007)
DOI: 10.1063/1.2408420
-------- -------- --- Thank You --- -------- --------

There are: 54305 Atoms
Atom distribution over 1 domains: av 54305 stddev 0 min 54305 max 54305
Center of mass motion removal mode is Linear
We have the following groups for center of mass motion removal:
  0:  rest

Started mdrun on rank 0 Wed Apr  2 04:08:14 2025

           Step           Time
              0        0.00000

   Energies (kJ/mol)
           Bond          Angle            U-B    Proper Dih.  Improper Dih.
    4.31153e+03    3.91714e+02    1.14882e+04    7.27063e+03    6.97436e+02
      CMAP Dih.          LJ-14     Coulomb-14        LJ (SR)   Coulomb (SR)
   -1.61411e+03    4.73314e+03    4.88915e+04    9.21812e+04   -8.96586e+05
   Coul. recip.      Potential    Kinetic En.   Total Energy  Conserved En.
    2.78747e+03   -7.25447e+05    1.39538e+05   -5.85909e+05   -5.85876e+05
    Temperature Pressure (bar)   Constr. rmsd
    3.01346e+02    6.48093e+01    3.05035e-06

           Step           Time
           5000       10.00000

   Energies (kJ/mol)
           Bond          Angle            U-B    Proper Dih.  Improper Dih.
    4.41882e+03    4.59451e+02    1.17167e+04    7.57635e+03    7.32839e+02
      CMAP Dih.          LJ-14     Coulomb-14        LJ (SR)   Coulomb (SR)
   -1.68251e+03    4.73850e+03    4.80873e+04    9.15992e+04   -8.94617e+05
   Coul. recip.      Potential    Kinetic En.   Total Energy  Conserved En.
    2.68254e+03   -7.24287e+05    1.39056e+05   -5.85232e+05   -5.85560e+05
    Temperature Pressure (bar)   Constr. rmsd
    3.00305e+02   -6.99062e+01    3.01396e-06

           Step           Time
          10000       20.00000

   Energies (kJ/mol)
           Bond          Angle            U-B    Proper Dih.  Improper Dih.
    4.38783e+03    3.22637e+02    1.18941e+04    7.41745e+03    6.72850e+02
      CMAP Dih.          LJ-14     Coulomb-14        LJ (SR)   Coulomb (SR)
   -1.66907e+03    4.60134e+03    4.82838e+04    9.24827e+04   -8.95826e+05
   Coul. recip.      Potential    Kinetic En.   Total Energy  Conserved En.
    2.75017e+03   -7.24683e+05    1.38610e+05   -5.86073e+05   -5.85373e+05
    Temperature Pressure (bar)   Constr. rmsd
    2.99342e+02   -1.39523e+02    2.96759e-06

           Step           Time
          15000       30.00000

   Energies (kJ/mol)
           Bond          Angle            U-B    Proper Dih.  Improper Dih.
    4.24163e+03    4.38662e+02    1.15902e+04    7.46378e+03    7.05788e+02
      CMAP Dih.          LJ-14     Coulomb-14        LJ (SR)   Coulomb (SR)
   -1.62452e+03    4.85373e+03    4.86379e+04    9.42225e+04   -8.98326e+05
   Coul. recip.      Potential    Kinetic En.   Total Energy  Conserved En.
    2.72738e+03   -7.25068e+05    1.38495e+05   -5.86573e+05   -5.85035e+05
    Temperature Pressure (bar)   Constr. rmsd
    2.99094e+02    2.43705e+02    2.84860e-06

           Step           Time
          20000       40.00000

   Energies (kJ/mol)
           Bond          Angle            U-B    Proper Dih.  Improper Dih.
    4.31403e+03    4.15011e+02    1.13916e+04    7.51843e+03    6.71840e+02
      CMAP Dih.          LJ-14     Coulomb-14        LJ (SR)   Coulomb (SR)
   -1.66022e+03    4.78929e+03    4.86118e+04    9.39251e+04   -8.98810e+05
   Coul. recip.      Potential    Kinetic En.   Total Energy  Conserved En.
    2.75629e+03   -7.26077e+05    1.37560e+05   -5.88516e+05   -5.84528e+05
    Temperature Pressure (bar)   Constr. rmsd
    2.97075e+02    1.09932e+02    2.83039e-06

           Step           Time
          25000       50.00000

Writing checkpoint, step 25000 at Wed Apr  2 04:19:02 2025


   Energies (kJ/mol)
           Bond          Angle            U-B    Proper Dih.  Improper Dih.
    4.38483e+03    3.98025e+02    1.15149e+04    7.52504e+03    6.99419e+02
      CMAP Dih.          LJ-14     Coulomb-14        LJ (SR)   Coulomb (SR)
   -1.57109e+03    4.69039e+03    4.88108e+04    9.19454e+04   -8.95615e+05
   Coul. recip.      Potential    Kinetic En.   Total Energy  Conserved En.
    2.72896e+03   -7.24488e+05    1.39970e+05   -5.84518e+05   -5.84359e+05
    Temperature Pressure (bar)   Constr. rmsd
    3.02280e+02   -1.09545e+02    2.91850e-06


Energy conservation over simulation part #1 of length 50 ps, time 0 to 50 ps
  Conserved energy drift: 5.59e-04 kJ/mol/ps per atom


	<======  ###############  ==>
	<====  A V E R A G E S  ====>
	<==  ###############  ======>

	Statistics over 25001 steps using 251 frames

   Energies (kJ/mol)
           Bond          Angle            U-B    Proper Dih.  Improper Dih.
    4.40970e+03    4.17711e+02    1.15414e+04    7.47793e+03    6.94478e+02
      CMAP Dih.          LJ-14     Coulomb-14        LJ (SR)   Coulomb (SR)
   -1.66195e+03    4.69924e+03    4.85661e+04    9.28550e+04   -8.96995e+05
   Coul. recip.      Potential    Kinetic En.   Total Energy  Conserved En.
    2.72336e+03   -7.25272e+05    1.38919e+05   -5.86353e+05   -5.85127e+05
    Temperature Pressure (bar)   Constr. rmsd
    3.00010e+02   -6.49418e-01    0.00000e+00

          Box-X          Box-Y          Box-Z
    8.96203e+00    7.55657e+00    8.08089e+00

   Total Virial (kJ/mol)
    4.64059e+04   -9.47336e+01    5.06758e+01
   -9.44116e+01    4.63679e+04   -3.08085e+01
    5.07308e+01   -3.08767e+01    4.61913e+04

   Pressure (bar)
   -7.36540e+00    5.71369e+00   -8.94614e-01
    5.69416e+00   -5.88013e+00   -1.36301e+00
   -8.97943e-01   -1.35888e+00    1.12973e+01

  T-Protein_LIGT-Water_and_ions
    3.00282e+02    2.99973e+02


	M E G A - F L O P S   A C C O U N T I N G

 NB=Group-cutoff nonbonded kernels    NxN=N-by-N cluster Verlet kernels
 RF=Reaction-Field  VdW=Van der Waals  QSTab=quadratic-spline table
 W3=SPC/TIP3p  W4=TIP4p (single or pairs)
 V&F=Potential and force  V=Potential only  F=Force only

 Computing:                               M-Number         M-Flops  % Flops
-----------------------------------------------------------------------------
 Pair Search distance check            9433.014954       84897.135     0.1
 NxN Ewald Elec. + LJ [F]            665477.792464    51907267.812    59.2
 NxN Ewald Elec. + LJ [V&F]            6749.109856      870635.171     1.0
 NxN LJ [F]                              27.592224        1241.650     0.0
 NxN LJ [V&F]                             0.301536          19.600     0.0
 NxN Ewald Elec. [F]                 526440.124496    32112847.594    36.6
 NxN Ewald Elec. [V&F]                 5339.040256      448479.382     0.5
 1,4 nonbonded interactions             348.038921       31323.503     0.0
 Calc Weights                          4073.037915      146629.365     0.2
 Spread Q Bspline                     86891.475520      173782.951     0.2
 Gather F Bspline                     86891.475520      521348.853     0.6
 3D-FFT                              119462.628314      955701.027     1.1
 Solve PME                             1814.472576      116126.245     0.1
 Reset In Box                            16.943160          50.829     0.0
 CG-CoM                                  16.997465          50.992     0.0
 Bonds                                   69.077763        4075.588     0.0
 Angles                                   4.000160         672.027     0.0
 Propers                                303.012120       69389.775     0.1
 Impropers                               20.900836        4347.374     0.0
 Virial                                  27.229350         490.128     0.0
 Stop-CM                                 13.630555         136.306     0.0
 Calc-Ekin                              271.633610        7334.107     0.0
 Lincs                                   65.027601        3901.656     0.0
 Lincs-Mat                              325.813032        1303.252     0.0
 Constraint-V                          1353.279129       12179.512     0.0
 Constraint-Vir                          25.815528         619.573     0.0
 Settle                                 407.741309      150864.284     0.2
 CMAP                                     7.925317       13473.039     0.0
 Urey-Bradley                           237.259490       43418.487     0.0
-----------------------------------------------------------------------------
 Total                                                87682607.218   100.0
-----------------------------------------------------------------------------


    D O M A I N   D E C O M P O S I T I O N   S T A T I S T I C S

 av. #atoms communicated per step for force:  2 x 0.0
 av. #atoms communicated per step for LINCS:  2 x 0.0


      R E A L   C Y C L E   A N D   T I M E   A C C O U N T I N G

On 1 MPI rank, each using 8 OpenMP threads

 Activity:              Num   Num      Call    Wall time         Giga-Cycles
                        Ranks Threads  Count      (s)         total sum    %
--------------------------------------------------------------------------------
 Domain decomp.            1    8        312       2.878         55.693   0.4
 Neighbor search           1    8        313       6.804        131.688   1.0
 Force                     1    8      25001     496.042       9599.987  76.5
 PME mesh                  1    8      25001      98.520       1906.676  15.2
 NB X/F buffer ops.        1    8      50002      19.336        374.211   3.0
 Write traj.               1    8          6       0.839         16.232   0.1
 Update                    1    8      25001      10.185        197.112   1.6
 Constraints               1    8      25001      11.285        218.393   1.7
 Kinetic energy            1    8       5001       0.975         18.864   0.2
 Rest                                              1.358         26.274   0.2
--------------------------------------------------------------------------------
 Total                                           648.221      12545.130 100.0
--------------------------------------------------------------------------------
 Breakdown of PME mesh activities
--------------------------------------------------------------------------------
 PME spread                1    8      25001      53.040       1026.499   8.2
 PME gather                1    8      25001      24.630        476.677   3.8
 PME 3D-FFT                1    8      50002      17.822        344.906   2.7
 PME solve Elec            1    8      25001       1.051         20.332   0.2
--------------------------------------------------------------------------------

               Core t (s)   Wall t (s)        (%)
       Time:     5185.763      648.221      800.0
                 (ns/day)    (hour/ns)
Performance:        6.665        3.601
Finished mdrun on rank 0 Wed Apr  2 04:19:02 2025

