          :-) GROMACS - gmx mdrun, 2026.0-dev-20250210-0d8ce2b6b1 (-:

Copyright 1991-2026 The GROMACS Authors.
GROMACS is free software; you can redistribute it and/or modify it
under the terms of the GNU Lesser General Public License
as published by the Free Software Foundation; either version 2.1
of the License, or (at your option) any later version.

                         Current GROMACS contributors:
       Mark Abraham           Andrey Alekseenko           Brian Andrews       
      Vladimir Basov              Paul Bauer                Hugh Bird         
      Eliane Briand               Ania Brown              Mahesh Doijade      
      Giacomo Fiorin          Stefan Fleischmann          Sergey Gorelov      
   Gilles Gouaillardet            Alan Gray              M. Eric Irrgang      
   Farzaneh Jalalypour         Petter Johansson          Carsten Kutzner      
    Grzegorz Łazarski         Justin A. Lemkul          Magnus Lundborg      
       Pascal Merz             Vedran Miletić            Dmitry Morozov      
     Lukas Müllender            Julien Nabet             Szilárd Páll      
 Andrea Pasquadibisceglie     Michele Pellegrino         Nicola Piasentin     
     Daniele Rapetti         Muhammad Umair Sadiq         Hubert Santuz       
      Roland Schulz             Michael Shirts           Tatiana Shugaeva     
     Alexey Shvetsov            Philip Turner            Alessandra Villa     
 Sebastian Wingbermühle  

                         Previous GROMACS contributors:
        Emile Apol             Rossen Apostolov           James Barnett       
  Herman J.C. Berendsen         Cathrine Bergh             Par Bjelkmar       
      Christian Blau          Viacheslav Bolnykh            Kevin Boyd        
    Aldert van Buuren          Carlo Camilloni           Rudi van Drunen      
      Anton Feenstra           Oliver Fleetwood            Vytas Gapsys       
       Gaurav Garg             Gerrit Groenhof            Bert de Groot       
      Anca Hamuraru           Vincent Hindriksen          Victor Holanda      
     Aleksei Iupinov              Joe Jordan            Christoph Junghans    
    Prashanth Kanduri        Dimitrios Karkoulis           Peter Kasson       
      Sebastian Kehl           Sebastian Keller             Jiri Kraus        
       Per Larsson              Viveca Lindahl            Erik Marklund       
    Pieter Meulenhoff           Teemu Murtola              Sander Pronk       
      Alfons Sijbers            Balint Soproni         David van der Spoel    
      Peter Tieleman            Carsten Uphoff             Jon Vincent        
     Teemu Virolainen         Christian Wennberg           Maarten Wolf       
      Artem Zhmurov       

                  Coordinated by the GROMACS project leaders:
                           Berk Hess and Erik Lindahl

GROMACS:      gmx mdrun, version 2026.0-dev-20250210-0d8ce2b6b1
Executable:   /usr/local/gromacs/bin/gmx
Data prefix:  /usr/local/gromacs
Working dir:  /mnt/d/LAB/GMX_MD
Process ID:   611
Command line:
  gmx mdrun -deffnm NVT

GROMACS version:     2026.0-dev-20250210-0d8ce2b6b1
GIT SHA1 hash:       0d8ce2b6b1e863fd29c4aa0efb84ad243afc165a
Precision:           mixed
Memory model:        64 bit
MPI library:         thread_mpi
OpenMP support:      enabled (GMX_OPENMP_MAX_THREADS = 128)
GPU support:         disabled
SIMD instructions:   AVX2_256
CPU FFT library:     fftw-3.3.10-sse2-avx-avx2-avx2_128
GPU FFT library:     none
Multi-GPU FFT:       none
RDTSCP usage:        enabled
TNG support:         enabled
Hwloc support:       disabled
Tracing support:     disabled
C compiler:          /usr/bin/cc GNU 13.3.0
C compiler flags:    -Wno-array-bounds -fexcess-precision=fast -funroll-all-loops -mavx2 -mfma -Wall -Wno-unused -Wunused-value -Wunused-parameter -Wextra -Wno-sign-compare -Wpointer-arith -Wpedantic -Wundef -Werror=stringop-truncation -Wno-missing-field-initializers -O3 -DNDEBUG
C++ compiler:        /usr/bin/c++ GNU 13.3.0
C++ compiler flags:  -Wno-array-bounds -fexcess-precision=fast -funroll-all-loops -mavx2 -mfma -Wall -Wextra -Wpointer-arith -Wmissing-declarations -Wpedantic -Wundef -Wstringop-truncation -Wno-missing-field-initializers -Wno-cast-function-type-strict SHELL:-fopenmp -O3 -DNDEBUG
BLAS library:        External - detected on the system
LAPACK library:      External - detected on the system


Running on 1 node with total 4 cores, 8 processing units
Hardware detected on host Vivek:
  CPU info:
    Vendor: Intel
    Brand:  11th Gen Intel(R) Core(TM) i5-1135G7 @ 2.40GHz
    Family: 6   Model: 140   Stepping: 1
    Features: aes apic avx avx2 avx512f avx512cd avx512bw avx512vl avx512secondFMA clfsh cmov cx8 cx16 f16c fma htt intel lahf mmx msr nonstop_tsc pcid pclmuldq pdcm pdpe1gb popcnt pse rdrnd rdtscp sha sse2 sse3 sse4.1 sse4.2 ssse3 tdt x2apic
    Number of AVX-512 FMA units: 1 (For Intel, AVX2 is faster w/o 2 AVX-512 FMA units)
  Hardware topology: Basic
    Packages, cores, and logical processors:
    [indices refer to OS logical processors]
      Package  0: [   0   1] [   2   3] [   4   5] [   6   7]
    CPU limit set by OS: -1   Recommended max number of threads: 8


++++ PLEASE READ AND CITE THE FOLLOWING REFERENCE ++++
M. J. Abraham, T. Murtola, R. Schulz, S. Páll, J. C. Smith, B. Hess, E.
Lindahl
GROMACS: High performance molecular simulations through multi-level
parallelism from laptops to supercomputers
SoftwareX (2015)
DOI: 10.1016/j.softx.2015.06.001
-------- -------- --- Thank You --- -------- --------


++++ PLEASE READ AND CITE THE FOLLOWING REFERENCE ++++
S. Páll, M. J. Abraham, C. Kutzner, B. Hess, E. Lindahl
Tackling Exascale Software Challenges in Molecular Dynamics Simulations with
GROMACS
In S. Markidis & E. Laure (Eds.), Solving Software Challenges for Exascale (2015)
DOI: 10.1007/978-3-319-15976-8_1
-------- -------- --- Thank You --- -------- --------


++++ PLEASE READ AND CITE THE FOLLOWING REFERENCE ++++
S. Pronk, S. Páll, R. Schulz, P. Larsson, P. Bjelkmar, R. Apostolov, M. R.
Shirts, J. C. Smith, P. M. Kasson, D. van der Spoel, B. Hess, E. Lindahl
GROMACS 4.5: a high-throughput and highly parallel open source molecular
simulation toolkit
Bioinformatics (2013)
DOI: 10.1093/bioinformatics/btt055
-------- -------- --- Thank You --- -------- --------


++++ PLEASE READ AND CITE THE FOLLOWING REFERENCE ++++
B. Hess, C. Kutzner, D. van der Spoel, E. Lindahl
GROMACS 4: Algorithms for highly efficient, load-balanced, and scalable
molecular simulation
J. Chem. Theory Comput. (2008)
DOI: 10.1021/ct700301q
-------- -------- --- Thank You --- -------- --------


++++ PLEASE READ AND CITE THE FOLLOWING REFERENCE ++++
D. van der Spoel, E. Lindahl, B. Hess, G. Groenhof, A. E. Mark, H. J. C.
Berendsen
GROMACS: Fast, Flexible and Free
J. Comp. Chem. (2005)
DOI: 10.1002/jcc.20291
-------- -------- --- Thank You --- -------- --------


++++ PLEASE READ AND CITE THE FOLLOWING REFERENCE ++++
E. Lindahl, B. Hess, D. van der Spoel
GROMACS 3.0: A package for molecular simulation and trajectory analysis
J. Mol. Mod. (2001)
DOI: 10.1007/s008940100045
-------- -------- --- Thank You --- -------- --------


++++ PLEASE READ AND CITE THE FOLLOWING REFERENCE ++++
H. J. C. Berendsen, D. van der Spoel and R. van Drunen
GROMACS: A message-passing parallel molecular dynamics implementation
Comp. Phys. Comm. (1995)
DOI: 10.1016/0010-4655(95)00042-E
-------- -------- --- Thank You --- -------- --------

Input Parameters:
   integrator                     = md
   tinit                          = 0
   dt                             = 0.002
   nsteps                         = 25000
   init-step                      = 0
   simulation-part                = 1
   mts                            = false
   mass-repartition-factor        = 1
   comm-mode                      = Linear
   nstcomm                        = 100
   bd-fric                        = 0
   ld-seed                        = -6277
   emtol                          = 10
   emstep                         = 0.01
   niter                          = 20
   fcstep                         = 0
   nstcgsteep                     = 1000
   nbfgscorr                      = 10
   rtpi                           = 0.05
   nstxout                        = 0
   nstvout                        = 0
   nstfout                        = 0
   nstlog                         = 500
   nstcalcenergy                  = 100
   nstenergy                      = 500
   nstxout-compressed             = 500
   compressed-x-precision         = 1000
   cutoff-scheme                  = Verlet
   nstlist                        = 20
   pbc                            = xyz
   periodic-molecules             = false
   verlet-buffer-tolerance        = 0.005
   verlet-buffer-pressure-tolerance = 0.5
   rlist                          = 1.22
   coulombtype                    = PME
   coulomb-modifier               = Potential-shift
   rcoulomb-switch                = 0
   rcoulomb                       = 1.2
   epsilon-r                      = 1
   epsilon-rf                     = inf
   vdw-type                       = Cut-off
   vdw-modifier                   = Force-switch
   rvdw-switch                    = 1
   rvdw                           = 1.2
   DispCorr                       = No
   table-extension                = 1
   fourierspacing                 = 0.16
   fourier-nx                     = 60
   fourier-ny                     = 48
   fourier-nz                     = 52
   pme-order                      = 4
   ewald-rtol                     = 1e-05
   ewald-rtol-lj                  = 0.001
   lj-pme-comb-rule               = Geometric
   ewald-geometry                 = 3d
   epsilon-surface                = 0
   ensemble-temperature-setting   = constant
   ensemble-temperature           = 300
   tcoupl                         = V-rescale
   nsttcouple                     = 10
   nh-chain-length                = 0
   print-nose-hoover-chain-variables = false
   pcoupl                         = No
   refcoord-scaling               = No
   posres-com: not available
   posres-comB: not available
   QMMM                           = false
qm-opts:
   ngQM                           = 0
   constraint-algorithm           = Lincs
   continuation                   = false
   Shake-SOR                      = false
   shake-tol                      = 0.0001
   lincs-order                    = 4
   lincs-iter                     = 1
   lincs-warnangle                = 30
   nwall                          = 0
   wall-type                      = 9-3
   wall-r-linpot                  = -1
   wall-atomtype[0]               = -1
   wall-atomtype[1]               = -1
   wall-density[0]                = 0
   wall-density[1]                = 0
   wall-ewald-zfac                = 3
   pull                           = false
   awh                            = false
   rotation                       = false
   interactiveMD                  = false
   disre                          = No
   disre-weighting                = Conservative
   disre-mixed                    = false
   dr-fc                          = 1000
   dr-tau                         = 0
   nstdisreout                    = 100
   orire-fc                       = 0
   orire-tau                      = 0
   nstorireout                    = 100
   free-energy                    = no
   cos-acceleration               = 0
   deform (3x3):
      deform[    0]={ 0.00000e+00,  0.00000e+00,  0.00000e+00}
      deform[    1]={ 0.00000e+00,  0.00000e+00,  0.00000e+00}
      deform[    2]={ 0.00000e+00,  0.00000e+00,  0.00000e+00}
   simulated-tempering            = false
   swapcoords                     = no
   userint1                       = 0
   userint2                       = 0
   userint3                       = 0
   userint4                       = 0
   userreal1                      = 0
   userreal2                      = 0
   userreal3                      = 0
   userreal4                      = 0
   applied-forces:
     electric-field:
       x:
         E0                       = 0
         omega                    = 0
         t0                       = 0
         sigma                    = 0
       y:
         E0                       = 0
         omega                    = 0
         t0                       = 0
         sigma                    = 0
       z:
         E0                       = 0
         omega                    = 0
         t0                       = 0
         sigma                    = 0
     density-guided-simulation:
       active                     = false
       group                      = protein
       similarity-measure         = inner-product
       atom-spreading-weight      = unity
       force-constant             = 1e+09
       gaussian-transform-spreading-width = 0.2
       gaussian-transform-spreading-range-in-multiples-of-width = 4
       reference-density-filename = reference.mrc
       nst                        = 1
       normalize-densities        = true
       adaptive-force-scaling     = false
       adaptive-force-scaling-time-constant = 4
       shift-vector               = 
       transformation-matrix      = 
     qmmm-cp2k:
       active                     = false
       qmgroup                    = System
       qmmethod                   = PBE
       qmfilenames                = 
       qmcharge                   = 0
       qmmultiplicity             = 1
     colvars:
       active                     = false
       configfile                 = 
       seed                       = -1
     nnpot:
       active                     = false
       modelfile                  = model.pt
       input-group                = System
       model-input1               = 
       model-input2               = 
       model-input3               = 
       model-input4               = 
grpopts:
   nrdf:     13280.6     98103.4
   ref-t:         300         300
   tau-t:         0.1         0.1
annealing:          No          No
annealing-npoints:           0           0
   acc:	           0           0           0
   nfreeze:           N           N           N
   energygrp-flags[  0]: 0

Changing nstlist from 20 to 80, rlist from 1.22 to 1.316

Update groups can not be used for this system because atoms that are (in)directly constrained together are interdispersed with other atoms

Initializing Domain Decomposition on 1 ranks
Dynamic load balancing: auto
Minimum cell size due to atom displacement: 0.637 nm
Initial maximum distances in bonded interactions:
    two-body bonded interactions: 0.424 nm, LJ-14, atoms 3207 3215
  multi-body bonded interactions: 0.487 nm, CMAP Dih., atoms 3175 3184
Minimum cell size due to bonded interactions: 0.535 nm
Maximum distance for 5 constraints, at 120 deg. angles, all-trans: 0.222 nm
Estimated maximum distance required for P-LINCS: 0.222 nm
Using 0 separate PME ranks because: there are too few total ranks for efficient splitting
Optimizing the DD grid for 1 cells with a minimum initial size of 0.637 nm
The maximum allowed number of cells is: X 14 Y 11 Z 12
Domain decomposition grid 1 x 1 x 1, separate PME ranks 0
PME domain decomposition: 1 x 1 x 1

The initial number of communication pulses is:
The initial domain decomposition cell size is:

The maximum allowed distance for atoms involved in interactions is:
                 non-bonded interactions           1.316 nm
            two-body bonded interactions  (-rdd)   1.316 nm
          multi-body bonded interactions  (-rdd)   1.316 nm
  atoms separated by up to 5 constraints  (-rcon)  7.624 nm

When dynamic load balancing gets turned on, these settings will change to:
The maximum number of communication pulses is:
The minimum size for domain decomposition cells is 1.316 nm
The requested allowed shrink of DD cells (option -dds) is: 0.80
The allowed shrink of domain decomposition cells is:
The maximum allowed distance for atoms involved in interactions is:
                 non-bonded interactions           1.316 nm
            two-body bonded interactions  (-rdd)   1.316 nm
          multi-body bonded interactions  (-rdd)   1.316 nm
  atoms separated by up to 5 constraints  (-rcon)  1.316 nm

Local state does not use filler particles

Using 1 MPI thread
Using 8 OpenMP threads 

System total charge: 0.000
Will do PME sum in reciprocal space for electrostatic interactions.

++++ PLEASE READ AND CITE THE FOLLOWING REFERENCE ++++
U. Essmann, L. Perera, M. L. Berkowitz, T. Darden, H. Lee, L. G. Pedersen 
A smooth particle mesh Ewald method
J. Chem. Phys. (1995)
DOI: 10.1063/1.470117
-------- -------- --- Thank You --- -------- --------

Using a Gaussian width (1/beta) of 0.384195 nm for Ewald
Potential shift: LJ r^-12: -2.648e-01 r^-6: -5.349e-01, Ewald -8.333e-06
Initialized non-bonded Coulomb Ewald tables, spacing: 1.02e-03 size: 1176

Generated table with 1158 data points for 1-4 COUL.
Tabscale = 500 points/nm
Generated table with 1158 data points for 1-4 LJ6.
Tabscale = 500 points/nm
Generated table with 1158 data points for 1-4 LJ12.
Tabscale = 500 points/nm


Using SIMD4xM 4x8 nonbonded short-range kernels

Using a dual 4x8 pair-list setup updated with dynamic pruning:
  outer list: updated every 80 steps, buffer 0.116 nm, rlist 1.316 nm
  inner list: updated every 14 steps, buffer 0.003 nm, rlist 1.203 nm
At tolerance 0.005 kJ/mol/ps per atom, equivalent classical 1x1 list would be:
  outer list: updated every 80 steps, buffer 0.261 nm, rlist 1.461 nm
  inner list: updated every 14 steps, buffer 0.056 nm, rlist 1.256 nm

The average pressure is off by at most 0.15 bar due to missing LJ interactions
Removing pbc first time

Linking all bonded interactions to atoms


Pinning threads with an auto-selected logical cpu stride of 1

Initializing Parallel LINear Constraint Solver

++++ PLEASE READ AND CITE THE FOLLOWING REFERENCE ++++
B. Hess
P-LINCS: A Parallel Linear Constraint Solver for molecular simulation
J. Chem. Theory Comput. (2008)
DOI: 10.1021/ct700200b
-------- -------- --- Thank You --- -------- --------

The number of constraints is 2601
There are constraints between atoms in different decomposition domains,
will communicate selected coordinates each lincs iteration

++++ PLEASE READ AND CITE THE FOLLOWING REFERENCE ++++
S. Miyamoto, P. A. Kollman
SETTLE: An Analytical Version of the SHAKE and RATTLE Algorithms for Rigid
Water Models
J. Comp. Chem. (1992)
DOI: 10.1002/jcc.540130805
-------- -------- --- Thank You --- -------- --------


++++ PLEASE READ AND CITE THE FOLLOWING REFERENCE ++++
G. Bussi, D. Donadio, M. Parrinello
Canonical sampling through velocity rescaling
J. Chem. Phys. (2007)
DOI: 10.1063/1.2408420
-------- -------- --- Thank You --- -------- --------

There are: 54305 Atoms
Atom distribution over 1 domains: av 54305 stddev 0 min 54305 max 54305

Constraining the starting coordinates (step 0)

Constraining the coordinates at t0-dt (step 0)
Center of mass motion removal mode is Linear
We have the following groups for center of mass motion removal:
  0:  rest
RMS relative constraint deviation after constraining: 2.69e-06
Initial temperature: 300.503 K

Started mdrun on rank 0 Tue Apr  1 16:30:23 2025

           Step           Time
              0        0.00000

   Energies (kJ/mol)
           Bond          Angle            U-B    Proper Dih.  Improper Dih.
    1.21655e+03    3.28228e+02    3.70811e+03    6.05758e+03    1.75133e+02
      CMAP Dih.          LJ-14     Coulomb-14        LJ (SR)   Coulomb (SR)
   -1.76158e+03    4.38635e+03    4.89754e+04    1.02777e+05   -1.01615e+06
   Coul. recip. Position Rest.      Potential    Kinetic En.   Total Energy
    4.09934e+03    8.64279e-03   -8.46184e+05    1.39173e+05   -7.07011e+05
  Conserved En.    Temperature Pressure (bar)   Constr. rmsd
   -7.07011e+05    3.00558e+02   -3.93458e+03    2.71944e-06

           Step           Time
            500        1.00000

   Energies (kJ/mol)
           Bond          Angle            U-B    Proper Dih.  Improper Dih.
    4.50012e+03    4.48623e+02    1.13852e+04    7.65863e+03    7.49780e+02
      CMAP Dih.          LJ-14     Coulomb-14        LJ (SR)   Coulomb (SR)
   -1.63661e+03    4.65662e+03    4.83700e+04    9.15737e+04   -8.90257e+05
   Coul. recip. Position Rest.      Potential    Kinetic En.   Total Energy
    2.84062e+03    1.61255e+03   -7.18098e+05    1.37237e+05   -5.80860e+05
  Conserved En.    Temperature Pressure (bar)   Constr. rmsd
   -7.05536e+05    2.96377e+02   -8.61389e+02    2.55841e-06

           Step           Time
           1000        2.00000

   Energies (kJ/mol)
           Bond          Angle            U-B    Proper Dih.  Improper Dih.
    4.12608e+03    3.42988e+02    1.16088e+04    7.42561e+03    6.70625e+02
      CMAP Dih.          LJ-14     Coulomb-14        LJ (SR)   Coulomb (SR)
   -1.63060e+03    4.74898e+03    4.88028e+04    9.19839e+04   -8.90339e+05
   Coul. recip. Position Rest.      Potential    Kinetic En.   Total Energy
    2.85979e+03    1.53913e+03   -7.17860e+05    1.39962e+05   -5.77898e+05
  Conserved En.    Temperature Pressure (bar)   Constr. rmsd
   -7.05552e+05    3.02262e+02   -1.99462e+02    3.04666e-06

           Step           Time
           1500        3.00000

   Energies (kJ/mol)
           Bond          Angle            U-B    Proper Dih.  Improper Dih.
    4.36018e+03    3.45527e+02    1.13950e+04    7.48036e+03    6.82149e+02
      CMAP Dih.          LJ-14     Coulomb-14        LJ (SR)   Coulomb (SR)
   -1.65844e+03    4.72514e+03    4.87265e+04    9.05241e+04   -8.88762e+05
   Coul. recip. Position Rest.      Potential    Kinetic En.   Total Energy
    2.81132e+03    1.41541e+03   -7.17954e+05    1.37948e+05   -5.80006e+05
  Conserved En.    Temperature Pressure (bar)   Constr. rmsd
   -7.05509e+05    2.97912e+02   -2.45296e+02    2.87583e-06

           Step           Time
           2000        4.00000

   Energies (kJ/mol)
           Bond          Angle            U-B    Proper Dih.  Improper Dih.
    4.20001e+03    3.48303e+02    1.12295e+04    7.50679e+03    7.70182e+02
      CMAP Dih.          LJ-14     Coulomb-14        LJ (SR)   Coulomb (SR)
   -1.67083e+03    4.72931e+03    4.89321e+04    9.04229e+04   -8.89913e+05
   Coul. recip. Position Rest.      Potential    Kinetic En.   Total Energy
    2.89950e+03    1.33389e+03   -7.19211e+05    1.39331e+05   -5.79880e+05
  Conserved En.    Temperature Pressure (bar)   Constr. rmsd
   -7.05531e+05    3.00899e+02   -7.50944e+02    2.66375e-06

           Step           Time
           2500        5.00000

   Energies (kJ/mol)
           Bond          Angle            U-B    Proper Dih.  Improper Dih.
    4.47511e+03    4.77394e+02    1.15463e+04    7.34751e+03    7.48844e+02
      CMAP Dih.          LJ-14     Coulomb-14        LJ (SR)   Coulomb (SR)
   -1.71128e+03    4.80053e+03    4.87438e+04    9.26283e+04   -8.91187e+05
   Coul. recip. Position Rest.      Potential    Kinetic En.   Total Energy
    2.79410e+03    1.44727e+03   -7.17889e+05    1.39652e+05   -5.78236e+05
  Conserved En.    Temperature Pressure (bar)   Constr. rmsd
   -7.05513e+05    3.01593e+02   -3.53729e+02    2.88070e-06

           Step           Time
           3000        6.00000

   Energies (kJ/mol)
           Bond          Angle            U-B    Proper Dih.  Improper Dih.
    4.14447e+03    4.60523e+02    1.21082e+04    7.28143e+03    7.29447e+02
      CMAP Dih.          LJ-14     Coulomb-14        LJ (SR)   Coulomb (SR)
   -1.61505e+03    4.74688e+03    4.87799e+04    9.09096e+04   -8.90619e+05
   Coul. recip. Position Rest.      Potential    Kinetic En.   Total Energy
    2.95634e+03    1.35378e+03   -7.18763e+05    1.40035e+05   -5.78728e+05
  Conserved En.    Temperature Pressure (bar)   Constr. rmsd
   -7.05511e+05    3.02420e+02   -6.19596e+02    2.98176e-06

           Step           Time
           3500        7.00000

   Energies (kJ/mol)
           Bond          Angle            U-B    Proper Dih.  Improper Dih.
    4.28554e+03    3.74413e+02    1.14108e+04    7.40618e+03    7.31092e+02
      CMAP Dih.          LJ-14     Coulomb-14        LJ (SR)   Coulomb (SR)
   -1.65746e+03    4.77332e+03    4.88076e+04    9.09363e+04   -8.91143e+05
   Coul. recip. Position Rest.      Potential    Kinetic En.   Total Energy
    2.79332e+03    1.47913e+03   -7.19803e+05    1.37858e+05   -5.81945e+05
  Conserved En.    Temperature Pressure (bar)   Constr. rmsd
   -7.05489e+05    2.97718e+02   -6.63318e+02    2.91995e-06

           Step           Time
           4000        8.00000

   Energies (kJ/mol)
           Bond          Angle            U-B    Proper Dih.  Improper Dih.
    4.52967e+03    4.17620e+02    1.13993e+04    7.42392e+03    7.15748e+02
      CMAP Dih.          LJ-14     Coulomb-14        LJ (SR)   Coulomb (SR)
   -1.64914e+03    4.66476e+03    4.86133e+04    9.01259e+04   -8.87902e+05
   Coul. recip. Position Rest.      Potential    Kinetic En.   Total Energy
    2.79482e+03    1.41498e+03   -7.17451e+05    1.38740e+05   -5.78711e+05
  Conserved En.    Temperature Pressure (bar)   Constr. rmsd
   -7.05496e+05    2.99623e+02   -4.51810e+02    2.85257e-06

           Step           Time
           4500        9.00000

   Energies (kJ/mol)
           Bond          Angle            U-B    Proper Dih.  Improper Dih.
    4.48926e+03    4.83150e+02    1.14160e+04    7.45208e+03    7.04852e+02
      CMAP Dih.          LJ-14     Coulomb-14        LJ (SR)   Coulomb (SR)
   -1.66874e+03    4.71401e+03    4.84938e+04    9.06594e+04   -8.89126e+05
   Coul. recip. Position Rest.      Potential    Kinetic En.   Total Energy
    2.84311e+03    1.38916e+03   -7.18149e+05    1.39694e+05   -5.78455e+05
  Conserved En.    Temperature Pressure (bar)   Constr. rmsd
   -7.05503e+05    3.01683e+02   -4.54583e+02    3.24184e-06

           Step           Time
           5000       10.00000

   Energies (kJ/mol)
           Bond          Angle            U-B    Proper Dih.  Improper Dih.
    4.36293e+03    5.22746e+02    1.15585e+04    7.40395e+03    7.41919e+02
      CMAP Dih.          LJ-14     Coulomb-14        LJ (SR)   Coulomb (SR)
   -1.66895e+03    4.74226e+03    4.85774e+04    9.13816e+04   -8.91869e+05
   Coul. recip. Position Rest.      Potential    Kinetic En.   Total Energy
    2.75521e+03    1.35121e+03   -7.20140e+05    1.38761e+05   -5.81379e+05
  Conserved En.    Temperature Pressure (bar)   Constr. rmsd
   -7.05485e+05    2.99668e+02   -6.49600e+02    2.80462e-06

           Step           Time
           5500       11.00000

   Energies (kJ/mol)
           Bond          Angle            U-B    Proper Dih.  Improper Dih.
    4.45276e+03    4.08413e+02    1.15860e+04    7.52250e+03    6.91232e+02
      CMAP Dih.          LJ-14     Coulomb-14        LJ (SR)   Coulomb (SR)
   -1.66136e+03    4.76663e+03    4.86444e+04    9.10494e+04   -8.91299e+05
   Coul. recip. Position Rest.      Potential    Kinetic En.   Total Energy
    2.80940e+03    1.32230e+03   -7.19707e+05    1.38485e+05   -5.81222e+05
  Conserved En.    Temperature Pressure (bar)   Constr. rmsd
   -7.05479e+05    2.99073e+02   -6.75786e+02    2.69364e-06

           Step           Time
           6000       12.00000

   Energies (kJ/mol)
           Bond          Angle            U-B    Proper Dih.  Improper Dih.
    4.31825e+03    4.62182e+02    1.12518e+04    7.25087e+03    6.57951e+02
      CMAP Dih.          LJ-14     Coulomb-14        LJ (SR)   Coulomb (SR)
   -1.65496e+03    4.78856e+03    4.90434e+04    9.11056e+04   -8.91449e+05
   Coul. recip. Position Rest.      Potential    Kinetic En.   Total Energy
    2.85120e+03    1.43118e+03   -7.19943e+05    1.39597e+05   -5.80346e+05
  Conserved En.    Temperature Pressure (bar)   Constr. rmsd
   -7.05525e+05    3.01474e+02   -4.81637e+02    2.70345e-06

           Step           Time
           6500       13.00000

   Energies (kJ/mol)
           Bond          Angle            U-B    Proper Dih.  Improper Dih.
    4.38559e+03    4.69729e+02    1.13883e+04    7.40119e+03    7.06096e+02
      CMAP Dih.          LJ-14     Coulomb-14        LJ (SR)   Coulomb (SR)
   -1.68892e+03    4.68109e+03    4.87817e+04    9.13403e+04   -8.92349e+05
   Coul. recip. Position Rest.      Potential    Kinetic En.   Total Energy
    2.83754e+03    1.29104e+03   -7.20755e+05    1.37191e+05   -5.83564e+05
  Conserved En.    Temperature Pressure (bar)   Constr. rmsd
   -7.05484e+05    2.96277e+02   -5.27141e+02    2.74709e-06

           Step           Time
           7000       14.00000

   Energies (kJ/mol)
           Bond          Angle            U-B    Proper Dih.  Improper Dih.
    4.30134e+03    4.20788e+02    1.13710e+04    7.36083e+03    6.80335e+02
      CMAP Dih.          LJ-14     Coulomb-14        LJ (SR)   Coulomb (SR)
   -1.66053e+03    4.84594e+03    4.89450e+04    8.95373e+04   -8.88707e+05
   Coul. recip. Position Rest.      Potential    Kinetic En.   Total Energy
    2.81682e+03    1.25799e+03   -7.18830e+05    1.37994e+05   -5.80836e+05
  Conserved En.    Temperature Pressure (bar)   Constr. rmsd
   -7.05487e+05    2.98011e+02   -5.23187e+02    2.95395e-06

           Step           Time
           7500       15.00000

   Energies (kJ/mol)
           Bond          Angle            U-B    Proper Dih.  Improper Dih.
    4.38461e+03    5.57415e+02    1.14668e+04    7.47181e+03    7.21216e+02
      CMAP Dih.          LJ-14     Coulomb-14        LJ (SR)   Coulomb (SR)
   -1.62971e+03    4.68801e+03    4.85992e+04    8.88174e+04   -8.87681e+05
   Coul. recip. Position Rest.      Potential    Kinetic En.   Total Energy
    2.83780e+03    1.33967e+03   -7.18427e+05    1.38010e+05   -5.80417e+05
  Conserved En.    Temperature Pressure (bar)   Constr. rmsd
   -7.05487e+05    2.98046e+02   -6.08598e+02    2.72567e-06

           Step           Time
           8000       16.00000

   Energies (kJ/mol)
           Bond          Angle            U-B    Proper Dih.  Improper Dih.
    4.23134e+03    4.39284e+02    1.15633e+04    7.47875e+03    6.72047e+02
      CMAP Dih.          LJ-14     Coulomb-14        LJ (SR)   Coulomb (SR)
   -1.70598e+03    4.77663e+03    4.90485e+04    9.02392e+04   -8.89319e+05
   Coul. recip. Position Rest.      Potential    Kinetic En.   Total Energy
    2.82656e+03    1.22867e+03   -7.18521e+05    1.38881e+05   -5.79640e+05
  Conserved En.    Temperature Pressure (bar)   Constr. rmsd
   -7.05504e+05    2.99926e+02   -5.48007e+02    2.74966e-06

           Step           Time
           8500       17.00000

   Energies (kJ/mol)
           Bond          Angle            U-B    Proper Dih.  Improper Dih.
    4.35995e+03    5.15615e+02    1.13673e+04    7.39617e+03    7.31187e+02
      CMAP Dih.          LJ-14     Coulomb-14        LJ (SR)   Coulomb (SR)
   -1.67597e+03    4.85378e+03    4.90372e+04    9.14983e+04   -8.91706e+05
   Coul. recip. Position Rest.      Potential    Kinetic En.   Total Energy
    2.74619e+03    1.26330e+03   -7.19613e+05    1.39067e+05   -5.80547e+05
  Conserved En.    Temperature Pressure (bar)   Constr. rmsd
   -7.05495e+05    3.00328e+02   -1.82103e+02    2.84124e-06

           Step           Time
           9000       18.00000

   Energies (kJ/mol)
           Bond          Angle            U-B    Proper Dih.  Improper Dih.
    4.44952e+03    5.28821e+02    1.12372e+04    7.41382e+03    7.29406e+02
      CMAP Dih.          LJ-14     Coulomb-14        LJ (SR)   Coulomb (SR)
   -1.73133e+03    4.74022e+03    4.88425e+04    9.14670e+04   -8.91033e+05
   Coul. recip. Position Rest.      Potential    Kinetic En.   Total Energy
    2.89174e+03    1.33647e+03   -7.19128e+05    1.39148e+05   -5.79979e+05
  Conserved En.    Temperature Pressure (bar)   Constr. rmsd
   -7.05496e+05    3.00504e+02   -4.22514e+02    2.84273e-06

           Step           Time
           9500       19.00000

   Energies (kJ/mol)
           Bond          Angle            U-B    Proper Dih.  Improper Dih.
    4.13738e+03    4.54231e+02    1.13357e+04    7.30698e+03    6.99018e+02
      CMAP Dih.          LJ-14     Coulomb-14        LJ (SR)   Coulomb (SR)
   -1.62271e+03    4.80836e+03    4.89390e+04    9.11210e+04   -8.92033e+05
   Coul. recip. Position Rest.      Potential    Kinetic En.   Total Energy
    2.80638e+03    1.41852e+03   -7.20629e+05    1.37701e+05   -5.82928e+05
  Conserved En.    Temperature Pressure (bar)   Constr. rmsd
   -7.05486e+05    2.97379e+02   -5.92538e+02    2.97946e-06

           Step           Time
          10000       20.00000

   Energies (kJ/mol)
           Bond          Angle            U-B    Proper Dih.  Improper Dih.
    4.37283e+03    4.89550e+02    1.14742e+04    7.36464e+03    6.73172e+02
      CMAP Dih.          LJ-14     Coulomb-14        LJ (SR)   Coulomb (SR)
   -1.68918e+03    4.78904e+03    4.89809e+04    9.06208e+04   -8.90066e+05
   Coul. recip. Position Rest.      Potential    Kinetic En.   Total Energy
    2.85261e+03    1.26059e+03   -7.18877e+05    1.39146e+05   -5.79731e+05
  Conserved En.    Temperature Pressure (bar)   Constr. rmsd
   -7.05481e+05    3.00499e+02   -7.08217e+02    2.78358e-06

           Step           Time
          10500       21.00000

   Energies (kJ/mol)
           Bond          Angle            U-B    Proper Dih.  Improper Dih.
    4.49034e+03    4.46451e+02    1.15360e+04    7.53021e+03    7.52707e+02
      CMAP Dih.          LJ-14     Coulomb-14        LJ (SR)   Coulomb (SR)
   -1.71957e+03    4.75653e+03    4.86792e+04    9.07491e+04   -8.90654e+05
   Coul. recip. Position Rest.      Potential    Kinetic En.   Total Energy
    2.79401e+03    1.41821e+03   -7.19221e+05    1.39994e+05   -5.79227e+05
  Conserved En.    Temperature Pressure (bar)   Constr. rmsd
   -7.05491e+05    3.02331e+02   -7.38760e+02    2.91690e-06

           Step           Time
          11000       22.00000

   Energies (kJ/mol)
           Bond          Angle            U-B    Proper Dih.  Improper Dih.
    4.38867e+03    4.20064e+02    1.14437e+04    7.25575e+03    6.95009e+02
      CMAP Dih.          LJ-14     Coulomb-14        LJ (SR)   Coulomb (SR)
   -1.66439e+03    4.73243e+03    4.89267e+04    9.12834e+04   -8.90425e+05
   Coul. recip. Position Rest.      Potential    Kinetic En.   Total Energy
    2.80103e+03    1.37326e+03   -7.18769e+05    1.39181e+05   -5.79589e+05
  Conserved En.    Temperature Pressure (bar)   Constr. rmsd
   -7.05470e+05    3.00574e+02   -2.60576e+02    2.83874e-06

           Step           Time
          11500       23.00000

   Energies (kJ/mol)
           Bond          Angle            U-B    Proper Dih.  Improper Dih.
    4.22032e+03    5.65496e+02    1.13612e+04    7.24482e+03    6.46340e+02
      CMAP Dih.          LJ-14     Coulomb-14        LJ (SR)   Coulomb (SR)
   -1.67313e+03    4.66246e+03    4.88225e+04    9.04668e+04   -8.90431e+05
   Coul. recip. Position Rest.      Potential    Kinetic En.   Total Energy
    2.82800e+03    1.29899e+03   -7.19987e+05    1.38526e+05   -5.81461e+05
  Conserved En.    Temperature Pressure (bar)   Constr. rmsd
   -7.05485e+05    2.99160e+02   -4.50100e+02    2.85611e-06

           Step           Time
          12000       24.00000

   Energies (kJ/mol)
           Bond          Angle            U-B    Proper Dih.  Improper Dih.
    4.23184e+03    4.04100e+02    1.16181e+04    7.34493e+03    6.57114e+02
      CMAP Dih.          LJ-14     Coulomb-14        LJ (SR)   Coulomb (SR)
   -1.66280e+03    4.79867e+03    4.86753e+04    9.06700e+04   -8.90745e+05
   Coul. recip. Position Rest.      Potential    Kinetic En.   Total Energy
    2.84387e+03    1.20704e+03   -7.19957e+05    1.40180e+05   -5.79777e+05
  Conserved En.    Temperature Pressure (bar)   Constr. rmsd
   -7.05501e+05    3.02732e+02   -3.33816e+02    2.72441e-06

           Step           Time
          12500       25.00000

   Energies (kJ/mol)
           Bond          Angle            U-B    Proper Dih.  Improper Dih.
    4.40401e+03    4.66834e+02    1.14772e+04    7.35238e+03    6.34735e+02
      CMAP Dih.          LJ-14     Coulomb-14        LJ (SR)   Coulomb (SR)
   -1.66906e+03    4.72625e+03    4.87374e+04    9.00296e+04   -8.88913e+05
   Coul. recip. Position Rest.      Potential    Kinetic En.   Total Energy
    2.84820e+03    1.31490e+03   -7.18591e+05    1.38964e+05   -5.79627e+05
  Conserved En.    Temperature Pressure (bar)   Constr. rmsd
   -7.05482e+05    3.00105e+02   -4.26518e+02    3.11036e-06

           Step           Time
          13000       26.00000

   Energies (kJ/mol)
           Bond          Angle            U-B    Proper Dih.  Improper Dih.
    4.54275e+03    5.23262e+02    1.13670e+04    7.29577e+03    6.92274e+02
      CMAP Dih.          LJ-14     Coulomb-14        LJ (SR)   Coulomb (SR)
   -1.62748e+03    4.83697e+03    4.84936e+04    9.02764e+04   -8.89194e+05
   Coul. recip. Position Rest.      Potential    Kinetic En.   Total Energy
    2.81596e+03    1.29639e+03   -7.18681e+05    1.38147e+05   -5.80534e+05
  Conserved En.    Temperature Pressure (bar)   Constr. rmsd
   -7.05450e+05    2.98343e+02   -4.27095e+02    2.93044e-06

           Step           Time
          13500       27.00000

   Energies (kJ/mol)
           Bond          Angle            U-B    Proper Dih.  Improper Dih.
    4.29174e+03    4.41657e+02    1.18511e+04    7.44200e+03    6.78717e+02
      CMAP Dih.          LJ-14     Coulomb-14        LJ (SR)   Coulomb (SR)
   -1.68849e+03    4.73801e+03    4.88935e+04    8.95475e+04   -8.87536e+05
   Coul. recip. Position Rest.      Potential    Kinetic En.   Total Energy
    2.74899e+03    1.33002e+03   -7.17262e+05    1.38730e+05   -5.78532e+05
  Conserved En.    Temperature Pressure (bar)   Constr. rmsd
   -7.05478e+05    2.99601e+02   -5.85417e+02    3.14629e-06

           Step           Time
          14000       28.00000

   Energies (kJ/mol)
           Bond          Angle            U-B    Proper Dih.  Improper Dih.
    4.30478e+03    4.90385e+02    1.16255e+04    7.39576e+03    6.85417e+02
      CMAP Dih.          LJ-14     Coulomb-14        LJ (SR)   Coulomb (SR)
   -1.71432e+03    4.73861e+03    4.89995e+04    8.97125e+04   -8.88784e+05
   Coul. recip. Position Rest.      Potential    Kinetic En.   Total Energy
    2.86018e+03    1.29089e+03   -7.18394e+05    1.39055e+05   -5.79339e+05
  Conserved En.    Temperature Pressure (bar)   Constr. rmsd
   -7.05467e+05    3.00303e+02   -3.50604e+02    2.80917e-06

           Step           Time
          14500       29.00000

   Energies (kJ/mol)
           Bond          Angle            U-B    Proper Dih.  Improper Dih.
    4.39698e+03    5.04190e+02    1.14566e+04    7.34730e+03    7.26180e+02
      CMAP Dih.          LJ-14     Coulomb-14        LJ (SR)   Coulomb (SR)
   -1.68818e+03    4.76383e+03    4.87559e+04    9.00009e+04   -8.88583e+05
   Coul. recip. Position Rest.      Potential    Kinetic En.   Total Energy
    2.94198e+03    1.28601e+03   -7.18092e+05    1.37759e+05   -5.80333e+05
  Conserved En.    Temperature Pressure (bar)   Constr. rmsd
   -7.05471e+05    2.97504e+02   -7.19095e+01    2.95575e-06

           Step           Time
          15000       30.00000

   Energies (kJ/mol)
           Bond          Angle            U-B    Proper Dih.  Improper Dih.
    4.19109e+03    4.81637e+02    1.13982e+04    7.38038e+03    6.80854e+02
      CMAP Dih.          LJ-14     Coulomb-14        LJ (SR)   Coulomb (SR)
   -1.67640e+03    4.84414e+03    4.87295e+04    9.11749e+04   -8.90136e+05
   Coul. recip. Position Rest.      Potential    Kinetic En.   Total Energy
    2.82624e+03    1.30953e+03   -7.18796e+05    1.40169e+05   -5.78627e+05
  Conserved En.    Temperature Pressure (bar)   Constr. rmsd
   -7.05474e+05    3.02708e+02   -4.29694e+02    2.98321e-06

           Step           Time
          15500       31.00000

   Energies (kJ/mol)
           Bond          Angle            U-B    Proper Dih.  Improper Dih.
    4.32939e+03    3.22871e+02    1.14702e+04    7.40558e+03    7.04643e+02
      CMAP Dih.          LJ-14     Coulomb-14        LJ (SR)   Coulomb (SR)
   -1.67718e+03    4.77286e+03    4.89619e+04    8.99172e+04   -8.89776e+05
   Coul. recip. Position Rest.      Potential    Kinetic En.   Total Energy
    2.78311e+03    1.30202e+03   -7.19484e+05    1.37299e+05   -5.82184e+05
  Conserved En.    Temperature Pressure (bar)   Constr. rmsd
   -7.05446e+05    2.96512e+02   -7.87799e+02    2.82229e-06

           Step           Time
          16000       32.00000

   Energies (kJ/mol)
           Bond          Angle            U-B    Proper Dih.  Improper Dih.
    4.33062e+03    3.56323e+02    1.12477e+04    7.51586e+03    6.34799e+02
      CMAP Dih.          LJ-14     Coulomb-14        LJ (SR)   Coulomb (SR)
   -1.69477e+03    4.83142e+03    4.88630e+04    9.10838e+04   -8.91945e+05
   Coul. recip. Position Rest.      Potential    Kinetic En.   Total Energy
    2.78546e+03    1.39398e+03   -7.20596e+05    1.37499e+05   -5.83097e+05
  Conserved En.    Temperature Pressure (bar)   Constr. rmsd
   -7.05449e+05    2.96943e+02   -7.07404e+02    2.80299e-06

           Step           Time
          16500       33.00000

   Energies (kJ/mol)
           Bond          Angle            U-B    Proper Dih.  Improper Dih.
    4.24459e+03    4.37542e+02    1.11971e+04    7.25924e+03    6.65973e+02
      CMAP Dih.          LJ-14     Coulomb-14        LJ (SR)   Coulomb (SR)
   -1.70720e+03    4.81930e+03    4.88250e+04    9.12706e+04   -8.92659e+05
   Coul. recip. Position Rest.      Potential    Kinetic En.   Total Energy
    2.80172e+03    1.37038e+03   -7.21474e+05    1.39191e+05   -5.82283e+05
  Conserved En.    Temperature Pressure (bar)   Constr. rmsd
   -7.05460e+05    3.00597e+02   -3.95352e+02    2.84121e-06

           Step           Time
          17000       34.00000

   Energies (kJ/mol)
           Bond          Angle            U-B    Proper Dih.  Improper Dih.
    4.29810e+03    4.65058e+02    1.15374e+04    7.48015e+03    7.05180e+02
      CMAP Dih.          LJ-14     Coulomb-14        LJ (SR)   Coulomb (SR)
   -1.72545e+03    4.76208e+03    4.87840e+04    9.09573e+04   -8.91998e+05
   Coul. recip. Position Rest.      Potential    Kinetic En.   Total Energy
    2.72600e+03    1.36737e+03   -7.20641e+05    1.39722e+05   -5.80919e+05
  Conserved En.    Temperature Pressure (bar)   Constr. rmsd
   -7.05433e+05    3.01743e+02   -8.20052e+02    2.80513e-06

           Step           Time
          17500       35.00000

   Energies (kJ/mol)
           Bond          Angle            U-B    Proper Dih.  Improper Dih.
    4.30981e+03    4.12905e+02    1.14769e+04    7.32341e+03    6.64323e+02
      CMAP Dih.          LJ-14     Coulomb-14        LJ (SR)   Coulomb (SR)
   -1.72283e+03    4.76082e+03    4.87651e+04    9.04908e+04   -8.90656e+05
   Coul. recip. Position Rest.      Potential    Kinetic En.   Total Energy
    2.76746e+03    1.38032e+03   -7.20027e+05    1.38867e+05   -5.81160e+05
  Conserved En.    Temperature Pressure (bar)   Constr. rmsd
   -7.05451e+05    2.99897e+02   -5.15880e+02    3.03049e-06

           Step           Time
          18000       36.00000

   Energies (kJ/mol)
           Bond          Angle            U-B    Proper Dih.  Improper Dih.
    4.40755e+03    5.05900e+02    1.15269e+04    7.27976e+03    7.32864e+02
      CMAP Dih.          LJ-14     Coulomb-14        LJ (SR)   Coulomb (SR)
   -1.73738e+03    4.83698e+03    4.89098e+04    9.01017e+04   -8.89747e+05
   Coul. recip. Position Rest.      Potential    Kinetic En.   Total Energy
    2.79323e+03    1.36807e+03   -7.19022e+05    1.39933e+05   -5.79088e+05
  Conserved En.    Temperature Pressure (bar)   Constr. rmsd
   -7.05442e+05    3.02200e+02   -2.06421e+02    2.73540e-06

           Step           Time
          18500       37.00000

   Energies (kJ/mol)
           Bond          Angle            U-B    Proper Dih.  Improper Dih.
    4.44036e+03    4.63203e+02    1.12565e+04    7.33412e+03    6.90694e+02
      CMAP Dih.          LJ-14     Coulomb-14        LJ (SR)   Coulomb (SR)
   -1.69535e+03    4.73768e+03    4.87394e+04    9.17265e+04   -8.91428e+05
   Coul. recip. Position Rest.      Potential    Kinetic En.   Total Energy
    2.87102e+03    1.30231e+03   -7.19561e+05    1.39094e+05   -5.80467e+05
  Conserved En.    Temperature Pressure (bar)   Constr. rmsd
   -7.05450e+05    3.00388e+02   -6.04517e+02    2.96530e-06

           Step           Time
          19000       38.00000

   Energies (kJ/mol)
           Bond          Angle            U-B    Proper Dih.  Improper Dih.
    4.41564e+03    3.68382e+02    1.15263e+04    7.41451e+03    6.84359e+02
      CMAP Dih.          LJ-14     Coulomb-14        LJ (SR)   Coulomb (SR)
   -1.70995e+03    4.68810e+03    4.85490e+04    8.86719e+04   -8.86995e+05
   Coul. recip. Position Rest.      Potential    Kinetic En.   Total Energy
    2.80944e+03    1.24545e+03   -7.18332e+05    1.38101e+05   -5.80231e+05
  Conserved En.    Temperature Pressure (bar)   Constr. rmsd
   -7.05436e+05    2.98243e+02   -6.11784e+02    2.92579e-06

           Step           Time
          19500       39.00000

   Energies (kJ/mol)
           Bond          Angle            U-B    Proper Dih.  Improper Dih.
    4.35805e+03    5.06915e+02    1.16439e+04    7.26789e+03    6.92783e+02
      CMAP Dih.          LJ-14     Coulomb-14        LJ (SR)   Coulomb (SR)
   -1.67697e+03    4.80342e+03    4.86511e+04    8.90023e+04   -8.88928e+05
   Coul. recip. Position Rest.      Potential    Kinetic En.   Total Energy
    2.79836e+03    1.28673e+03   -7.19593e+05    1.38426e+05   -5.81167e+05
  Conserved En.    Temperature Pressure (bar)   Constr. rmsd
   -7.05399e+05    2.98945e+02   -5.80053e+02    2.82040e-06

           Step           Time
          20000       40.00000

   Energies (kJ/mol)
           Bond          Angle            U-B    Proper Dih.  Improper Dih.
    4.59509e+03    4.38083e+02    1.13903e+04    7.39498e+03    6.86930e+02
      CMAP Dih.          LJ-14     Coulomb-14        LJ (SR)   Coulomb (SR)
   -1.69692e+03    4.79825e+03    4.89409e+04    9.09588e+04   -8.90639e+05
   Coul. recip. Position Rest.      Potential    Kinetic En.   Total Energy
    2.85288e+03    1.29300e+03   -7.18987e+05    1.40002e+05   -5.78985e+05
  Conserved En.    Temperature Pressure (bar)   Constr. rmsd
   -7.05402e+05    3.02349e+02   -3.46819e+02    2.90375e-06

           Step           Time
          20500       41.00000

   Energies (kJ/mol)
           Bond          Angle            U-B    Proper Dih.  Improper Dih.
    4.38302e+03    4.13283e+02    1.16380e+04    7.55326e+03    6.35639e+02
      CMAP Dih.          LJ-14     Coulomb-14        LJ (SR)   Coulomb (SR)
   -1.68387e+03    4.73743e+03    4.89673e+04    9.00085e+04   -8.90441e+05
   Coul. recip. Position Rest.      Potential    Kinetic En.   Total Energy
    2.78535e+03    1.39902e+03   -7.19604e+05    1.39055e+05   -5.80549e+05
  Conserved En.    Temperature Pressure (bar)   Constr. rmsd
   -7.05398e+05    3.00302e+02   -5.54336e+02    2.74652e-06

           Step           Time
          21000       42.00000

   Energies (kJ/mol)
           Bond          Angle            U-B    Proper Dih.  Improper Dih.
    4.33251e+03    4.14271e+02    1.13867e+04    7.41760e+03    6.36108e+02
      CMAP Dih.          LJ-14     Coulomb-14        LJ (SR)   Coulomb (SR)
   -1.67459e+03    4.78690e+03    4.86838e+04    9.02539e+04   -8.88581e+05
   Coul. recip. Position Rest.      Potential    Kinetic En.   Total Energy
    2.78886e+03    1.32689e+03   -7.18228e+05    1.39197e+05   -5.79032e+05
  Conserved En.    Temperature Pressure (bar)   Constr. rmsd
   -7.05405e+05    3.00609e+02   -2.84645e+02    2.77517e-06

           Step           Time
          21500       43.00000

   Energies (kJ/mol)
           Bond          Angle            U-B    Proper Dih.  Improper Dih.
    4.30968e+03    4.01376e+02    1.13987e+04    7.43132e+03    6.50552e+02
      CMAP Dih.          LJ-14     Coulomb-14        LJ (SR)   Coulomb (SR)
   -1.68911e+03    4.73138e+03    4.88031e+04    9.10017e+04   -8.90540e+05
   Coul. recip. Position Rest.      Potential    Kinetic En.   Total Energy
    2.77354e+03    1.36278e+03   -7.19365e+05    1.37797e+05   -5.81569e+05
  Conserved En.    Temperature Pressure (bar)   Constr. rmsd
   -7.05398e+05    2.97585e+02   -5.18091e+02    2.61653e-06

           Step           Time
          22000       44.00000

   Energies (kJ/mol)
           Bond          Angle            U-B    Proper Dih.  Improper Dih.
    4.26457e+03    3.47294e+02    1.15585e+04    7.40362e+03    6.63446e+02
      CMAP Dih.          LJ-14     Coulomb-14        LJ (SR)   Coulomb (SR)
   -1.72768e+03    4.74564e+03    4.89381e+04    9.00662e+04   -8.90119e+05
   Coul. recip. Position Rest.      Potential    Kinetic En.   Total Energy
    2.73401e+03    1.39253e+03   -7.19732e+05    1.38240e+05   -5.81493e+05
  Conserved En.    Temperature Pressure (bar)   Constr. rmsd
   -7.05406e+05    2.98542e+02   -6.67092e+02    2.70860e-06

           Step           Time
          22500       45.00000

   Energies (kJ/mol)
           Bond          Angle            U-B    Proper Dih.  Improper Dih.
    4.29507e+03    4.28160e+02    1.14717e+04    7.51015e+03    7.33265e+02
      CMAP Dih.          LJ-14     Coulomb-14        LJ (SR)   Coulomb (SR)
   -1.66650e+03    4.82855e+03    4.87934e+04    9.08081e+04   -8.89460e+05
   Coul. recip. Position Rest.      Potential    Kinetic En.   Total Energy
    2.77802e+03    1.32984e+03   -7.18150e+05    1.39668e+05   -5.78482e+05
  Conserved En.    Temperature Pressure (bar)   Constr. rmsd
   -7.05414e+05    3.01628e+02   -4.71893e+02    2.80467e-06

           Step           Time
          23000       46.00000

   Energies (kJ/mol)
           Bond          Angle            U-B    Proper Dih.  Improper Dih.
    4.27576e+03    4.13737e+02    1.15857e+04    7.47544e+03    7.14518e+02
      CMAP Dih.          LJ-14     Coulomb-14        LJ (SR)   Coulomb (SR)
   -1.70610e+03    4.79001e+03    4.88074e+04    9.07028e+04   -8.90347e+05
   Coul. recip. Position Rest.      Potential    Kinetic En.   Total Energy
    2.85642e+03    1.38105e+03   -7.19050e+05    1.38878e+05   -5.80172e+05
  Conserved En.    Temperature Pressure (bar)   Constr. rmsd
   -7.05406e+05    2.99921e+02   -4.22222e+02    2.84866e-06

           Step           Time
          23500       47.00000

   Energies (kJ/mol)
           Bond          Angle            U-B    Proper Dih.  Improper Dih.
    4.12480e+03    4.07145e+02    1.17132e+04    7.51693e+03    7.00161e+02
      CMAP Dih.          LJ-14     Coulomb-14        LJ (SR)   Coulomb (SR)
   -1.65315e+03    4.77180e+03    4.89070e+04    8.97714e+04   -8.89644e+05
   Coul. recip. Position Rest.      Potential    Kinetic En.   Total Energy
    2.77991e+03    1.39141e+03   -7.19214e+05    1.39653e+05   -5.79561e+05
  Conserved En.    Temperature Pressure (bar)   Constr. rmsd
   -7.05404e+05    3.01594e+02   -7.31131e+02    2.99333e-06

           Step           Time
          24000       48.00000

   Energies (kJ/mol)
           Bond          Angle            U-B    Proper Dih.  Improper Dih.
    4.40419e+03    4.62097e+02    1.11643e+04    7.36491e+03    7.04492e+02
      CMAP Dih.          LJ-14     Coulomb-14        LJ (SR)   Coulomb (SR)
   -1.63076e+03    4.81843e+03    4.86155e+04    9.01992e+04   -8.90321e+05
   Coul. recip. Position Rest.      Potential    Kinetic En.   Total Energy
    2.96604e+03    1.39802e+03   -7.19854e+05    1.38350e+05   -5.81504e+05
  Conserved En.    Temperature Pressure (bar)   Constr. rmsd
   -7.05415e+05    2.98781e+02   -5.22725e+02    2.71174e-06

           Step           Time
          24500       49.00000

   Energies (kJ/mol)
           Bond          Angle            U-B    Proper Dih.  Improper Dih.
    4.15565e+03    4.80199e+02    1.14147e+04    7.44763e+03    7.16591e+02
      CMAP Dih.          LJ-14     Coulomb-14        LJ (SR)   Coulomb (SR)
   -1.67143e+03    4.74168e+03    4.89022e+04    9.13174e+04   -8.91696e+05
   Coul. recip. Position Rest.      Potential    Kinetic En.   Total Energy
    2.80137e+03    1.41335e+03   -7.19977e+05    1.38270e+05   -5.81707e+05
  Conserved En.    Temperature Pressure (bar)   Constr. rmsd
   -7.05397e+05    2.98608e+02   -5.18070e+02    2.77189e-06

           Step           Time
          25000       50.00000

Writing checkpoint, step 25000 at Tue Apr  1 16:40:55 2025


   Energies (kJ/mol)
           Bond          Angle            U-B    Proper Dih.  Improper Dih.
    4.37003e+03    4.65639e+02    1.16324e+04    7.37177e+03    7.30626e+02
      CMAP Dih.          LJ-14     Coulomb-14        LJ (SR)   Coulomb (SR)
   -1.63999e+03    4.75862e+03    4.86651e+04    8.95665e+04   -8.88446e+05
   Coul. recip. Position Rest.      Potential    Kinetic En.   Total Energy
    2.76874e+03    1.40710e+03   -7.18350e+05    1.39018e+05   -5.79332e+05
  Conserved En.    Temperature Pressure (bar)   Constr. rmsd
   -7.05399e+05    3.00222e+02   -5.43958e+02    2.79746e-06


Energy conservation over simulation part #1 of length 50 ps, time 0 to 50 ps
  Conserved energy drift: 5.94e-04 kJ/mol/ps per atom


	<======  ###############  ==>
	<====  A V E R A G E S  ====>
	<==  ###############  ======>

	Statistics over 25001 steps using 251 frames

   Energies (kJ/mol)
           Bond          Angle            U-B    Proper Dih.  Improper Dih.
    4.32162e+03    4.38202e+02    1.13910e+04    7.39781e+03    6.92803e+02
      CMAP Dih.          LJ-14     Coulomb-14        LJ (SR)   Coulomb (SR)
   -1.67711e+03    4.76965e+03    4.88097e+04    9.07046e+04   -8.90830e+05
   Coul. recip. Position Rest.      Potential    Kinetic En.   Total Energy
    2.83273e+03    1.35065e+03   -7.19798e+05    1.38670e+05   -5.81128e+05
  Conserved En.    Temperature Pressure (bar)   Constr. rmsd
   -7.05475e+05    2.99472e+02   -5.11856e+02    0.00000e+00

   Total Virial (kJ/mol)
    5.46458e+04   -1.61608e+02    1.03812e+02
   -1.61503e+02    5.46874e+04   -7.21549e+01
    1.03939e+02   -7.20721e+01    5.53239e+04

   Pressure (bar)
   -4.99047e+02    1.02665e+01   -5.40943e+00
    1.02603e+01   -5.02383e+02    2.69869e+00
   -5.41695e+00    2.69380e+00   -5.34139e+02

  T-Protein_LIGT-Water_and_ions
    2.99463e+02    2.99473e+02


	M E G A - F L O P S   A C C O U N T I N G

 NB=Group-cutoff nonbonded kernels    NxN=N-by-N cluster Verlet kernels
 RF=Reaction-Field  VdW=Van der Waals  QSTab=quadratic-spline table
 W3=SPC/TIP3p  W4=TIP4p (single or pairs)
 V&F=Potential and force  V=Potential only  F=Force only

 Computing:                               M-Number         M-Flops  % Flops
-----------------------------------------------------------------------------
 Pair Search distance check            9376.715070       84390.436     0.1
 NxN Ewald Elec. + LJ [F]            649995.198544    50699625.486    59.2
 NxN Ewald Elec. + LJ [V&F]            6591.742960      850334.842     1.0
 NxN LJ [F]                              28.804832        1296.217     0.0
 NxN LJ [V&F]                             0.292128          18.988     0.0
 NxN Ewald Elec. [F]                 512414.854768    31257306.141    36.5
 NxN Ewald Elec. [V&F]                 5196.340016      436492.561     0.5
 1,4 nonbonded interactions             348.038921       31323.503     0.0
 Calc Weights                          4073.037915      146629.365     0.2
 Spread Q Bspline                     86891.475520      173782.951     0.2
 Gather F Bspline                     86891.475520      521348.853     0.6
 3D-FFT                              128740.999434     1029927.995     1.2
 Solve PME                             1944.077760      124420.977     0.1
 Reset In Box                            16.997465          50.992     0.0
 CG-CoM                                  17.051770          51.155     0.0
 Bonds                                   69.077763        4075.588     0.0
 Angles                                   4.000160         672.027     0.0
 Propers                                303.012120       69389.775     0.1
 Impropers                               20.900836        4347.374     0.0
 Pos. Restr.                             67.327693        3366.385     0.0
 Virial                                  13.641850         245.553     0.0
 Stop-CM                                 13.684860         136.849     0.0
 Calc-Ekin                              271.633610        7334.107     0.0
 Lincs                                   65.032803        3901.968     0.0
 Lincs-Mat                              325.839096        1303.356     0.0
 Constraint-V                          1353.333258       12179.999     0.0
 Constraint-Vir                          12.933528         310.405     0.0
 Settle                                 407.773927      150876.353     0.2
 CMAP                                     7.925317       13473.039     0.0
 Urey-Bradley                           237.259490       43418.487     0.1
-----------------------------------------------------------------------------
 Total                                                85672031.729   100.0
-----------------------------------------------------------------------------


    D O M A I N   D E C O M P O S I T I O N   S T A T I S T I C S

 av. #atoms communicated per step for force:  2 x 0.0
 av. #atoms communicated per step for LINCS:  2 x 0.0


      R E A L   C Y C L E   A N D   T I M E   A C C O U N T I N G

On 1 MPI rank, each using 8 OpenMP threads

 Activity:              Num   Num      Call    Wall time         Giga-Cycles
                        Ranks Threads  Count      (s)         total sum    %
--------------------------------------------------------------------------------
 Domain decomp.            1    8        313       3.072         59.541   0.5
 Neighbor search           1    8        313       7.030        136.253   1.1
 Force                     1    8      25001     477.545       9255.264  75.4
 PME mesh                  1    8      25001     103.139       1998.928  16.3
 NB X/F buffer ops.        1    8      50002      18.177        352.293   2.9
 Write traj.               1    8         51       0.895         17.347   0.1
 Update                    1    8      25001      10.670        206.800   1.7
 Constraints               1    8      25003      10.356        200.718   1.6
 Kinetic energy            1    8       5001       0.921         17.847   0.1
 Rest                                              1.236         23.947   0.2
--------------------------------------------------------------------------------
 Total                                           633.042      12268.939 100.0
--------------------------------------------------------------------------------
 Breakdown of PME mesh activities
--------------------------------------------------------------------------------
 PME spread                1    8      25001      56.405       1093.181   8.9
 PME gather                1    8      25001      25.493        494.074   4.0
 PME 3D-FFT                1    8      50002      18.511        358.759   2.9
 PME solve Elec            1    8      25001       1.025         19.874   0.2
--------------------------------------------------------------------------------

               Core t (s)   Wall t (s)        (%)
       Time:     5064.332      633.042      800.0
                 (ns/day)    (hour/ns)
Performance:        6.824        3.517
Finished mdrun on rank 0 Tue Apr  1 16:40:56 2025

